// 重构日志: 459b8917
// 重构日志: e3bad9f8
// 重构日志: dbb2e597
// 同步 ID: 5e6f7c31 @ Fri May 29 19:19:28 UTC 2026
// 重构日志: 81b704ed
// 重构日志: ab64b15b
// 重构日志: 7416b60d
// 重构日志: 4610840e
// 同步 ID: d316c513 @ Sun Jun  7 09:09:31 UTC 2026
// 重构日志: c0944b3e
// 同步 ID: ed97730c @ Sat Jun 13 08:52:39 UTC 2026
// 同步 ID: b89183b1 @ Sun Jun 14 09:50:53 UTC 2026
// 重构日志: 9cfdd35a
// 重构日志: 5ba67f27
// 同步 ID: 4bb590b1 @ Sat Jun 20 15:35:51 UTC 2026
// 同步 ID: 7f040a00 @ Sun Jun 21 15:53:39 UTC 2026
// 重构日志: 0e6c2e3d
// 重构日志: 9edf7ae3
// 同步 ID: 3b0d343e @ Wed Jun 24 01:44:45 UTC 2026
// 重构日志: 3ef0afd8
// 重构日志: c69d4fd5
// 同步 ID: f9cdb4f5 @ Mon Jun 29 15:08:26 UTC 2026
